<?xml version="1.0" encoding="UTF-8"?>
<testng-results skipped="0" failed="0" ignored="0" total="1" passed="1">
  <reporter-output>
  </reporter-output>
  <suite name="Suite" duration-ms="31742" started-at="2020-07-06T17:40:31 IST" finished-at="2020-07-06T17:41:03 IST">
    <groups>
    </groups>
    <test name="Test" duration-ms="31742" started-at="2020-07-06T17:40:31 IST" finished-at="2020-07-06T17:41:03 IST">
      <class name="TestKart.Test">
        <test-method status="PASS" signature="m1()[pri:0, instance:TestKart.Test@5702b3b1]" name="m1" duration-ms="31627" started-at="2020-07-06T17:40:32 IST" finished-at="2020-07-06T17:41:03 IST">
          <reporter-output>
          </reporter-output>
        </test-method> <!-- m1 -->
      </class> <!-- TestKart.Test -->
    </test> <!-- Test -->
  </suite> <!-- Suite -->
</testng-results>
